Using pre-set license
Built from '2020.3/staging' branch; Version is '2020.3.8f1 (507919d4fff5) revision 5273881'; Using compiler version '192528614'; Build Type 'Release'
OS: 'Windows 10 Pro; OS build 18363.1440; Version 1909; 64bit' Language: 'en' Physical Memory: 8106 MB
BatchMode: 1, IsHumanControllingUs: 0, StartBugReporterOnCrash: 0, Is64bit: 1, IsPro: 0

 COMMAND LINE ARGUMENTS:
C:\Program Files\Unity\Hub\Editor\2020.3.8f1\Editor\Unity.exe
-adb2
-batchMode
-noUpm
-name
AssetImportWorker0
-projectPath
C:/Users/PC/MyFirstGame
-logFile
Logs/AssetImportWorker0.log
-srvPort
49746
Successfully changed project path to: C:/Users/PC/MyFirstGame
C:/Users/PC/MyFirstGame
Using Asset Import Pipeline V2.
Refreshing native plugins compatible for Editor in 30.32 ms, found 0 plugins.
Preloading 0 native plugins for Editor in 0.00 ms.
Initialize engine version: 2020.3.8f1 (507919d4fff5)
[Subsystems] Discovering subsystems at path C:/Program Files/Unity/Hub/Editor/2020.3.8f1/Editor/Data/Resources/UnitySubsystems
[Subsystems] Discovering subsystems at path C:/Users/PC/MyFirstGame/Assets
GfxDevice: creating device client; threaded=0
Direct3D:
    Version:  Direct3D 11.0 [level 11.1]
    Renderer: Intel(R) HD Graphics 5500 (ID=0x1616)
    Vendor:   
    VRAM:     4053 MB
    Driver:   20.19.15.4835
Initialize mono
Mono path[0] = 'C:/Program Files/Unity/Hub/Editor/2020.3.8f1/Editor/Data/Managed'
Mono path[1] = 'C:/Program Files/Unity/Hub/Editor/2020.3.8f1/Editor/Data/MonoBleedingEdge/lib/mono/unityjit'
Mono config path = 'C:/Program Files/Unity/Hub/Editor/2020.3.8f1/Editor/Data/MonoBleedingEdge/etc'
Using monoOptions --debugger-agent=transport=dt_socket,embedding=1,server=y,suspend=n,address=127.0.0.1:56632
Begin MonoManager ReloadAssembly
Registering precompiled unity dll's ...
Register platform support module: C:/Program Files/Unity/Hub/Editor/2020.3.8f1/Editor/Data/PlaybackEngines/WebGLSupport/UnityEditor.WebGL.Extensions.dll
Register platform support module: C:/Program Files/Unity/Hub/Editor/2020.3.8f1/Editor/Data/PlaybackEngines/WindowsStandaloneSupport/UnityEditor.WindowsStandalone.Extensions.dll
Registered in 0.002271 seconds.
Native extension for WindowsStandalone target not found
Native extension for WebGL target not found
Refreshing native plugins compatible for Editor in 31.29 ms, found 0 plugins.
Preloading 0 native plugins for Editor in 0.00 ms.
Mono: successfully reloaded assembly
- Completed reload, in  1.380 seconds
Platform modules already initialized, skipping
Registering precompiled user dll's ...
Registered in 0.000804 seconds.
Begin MonoManager ReloadAssembly
Native extension for WindowsStandalone target not found
Native extension for WebGL target not found
Refreshing native plugins compatible for Editor in 0.25 ms, found 0 plugins.
Preloading 0 native plugins for Editor in 0.00 ms.
Mono: successfully reloaded assembly
- Completed reload, in  1.058 seconds
Platform modules already initialized, skipping
========================================================================
Worker process is ready to serve import requests
Launched and connected shader compiler UnityShaderCompiler.exe after 0.07 seconds
Refreshing native plugins compatible for Editor in 0.37 ms, found 0 plugins.
Preloading 0 native plugins for Editor in 0.00 ms.
Unloading 1167 Unused Serialized files (Serialized files now loaded: 0)
System memory in use before: 60.3 MB.
System memory in use after: 60.4 MB.

Unloading 9 unused Assets to reduce memory usage. Loaded Objects now: 1611.
Total: 3.062500 ms (FindLiveObjects: 0.239100 ms CreateObjectMapping: 0.066000 ms MarkObjects: 2.651800 ms  DeleteObjects: 0.103400 ms)

========================================================================
Received Import Request.
  path: Assets/Mandlebrot
  artifactKey: Guid(760659fcba977f94eac95b133f101365) Importer(815301076,1909f56bfc062723c751e8b465ee728b)
Start importing Assets/Mandlebrot using Guid(760659fcba977f94eac95b133f101365) Importer(815301076,1909f56bfc062723c751e8b465ee728b)  -> (artifact id: 'cf80701322ecf46cded8595df58c19e2') in 0.008038 seconds
  Import took 0.011317 seconds .

========================================================================
Received Prepare
Registering precompiled user dll's ...
Registered in 0.001260 seconds.
Begin MonoManager ReloadAssembly
Native extension for WindowsStandalone target not found
Native extension for WebGL target not found
Refreshing native plugins compatible for Editor in 0.31 ms, found 0 plugins.
Preloading 0 native plugins for Editor in 0.00 ms.
Mono: successfully reloaded assembly
- Completed reload, in  2.692 seconds
Platform modules already initialized, skipping
Refreshing native plugins compatible for Editor in 0.39 ms, found 0 plugins.
Preloading 0 native plugins for Editor in 0.00 ms.
Unloading 1147 Unused Serialized files (Serialized files now loaded: 0)
System memory in use before: 58.8 MB.
System memory in use after: 58.9 MB.

Unloading 4 unused Assets to reduce memory usage. Loaded Objects now: 1614.
Total: 2.832500 ms (FindLiveObjects: 0.227500 ms CreateObjectMapping: 0.069400 ms MarkObjects: 2.500900 ms  DeleteObjects: 0.031900 ms)

========================================================================
Received Prepare
Registering precompiled user dll's ...
Registered in 0.000969 seconds.
Begin MonoManager ReloadAssembly
Native extension for WindowsStandalone target not found
Native extension for WebGL target not found
Refreshing native plugins compatible for Editor in 0.25 ms, found 0 plugins.
Preloading 0 native plugins for Editor in 0.00 ms.
Mono: successfully reloaded assembly
- Completed reload, in  1.073 seconds
Platform modules already initialized, skipping
Refreshing native plugins compatible for Editor in 0.39 ms, found 0 plugins.
Preloading 0 native plugins for Editor in 0.00 ms.
Unloading 1147 Unused Serialized files (Serialized files now loaded: 0)
System memory in use before: 58.8 MB.
System memory in use after: 58.9 MB.

Unloading 4 unused Assets to reduce memory usage. Loaded Objects now: 1617.
Total: 2.605000 ms (FindLiveObjects: 0.220600 ms CreateObjectMapping: 0.057700 ms MarkObjects: 2.293400 ms  DeleteObjects: 0.030900 ms)

========================================================================
Received Prepare
Registering precompiled user dll's ...
Registered in 0.000791 seconds.
Begin MonoManager ReloadAssembly
Native extension for WindowsStandalone target not found
Native extension for WebGL target not found
Refreshing native plugins compatible for Editor in 0.36 ms, found 0 plugins.
Preloading 0 native plugins for Editor in 0.00 ms.
Mono: successfully reloaded assembly
- Completed reload, in  1.342 seconds
Platform modules already initialized, skipping
Refreshing native plugins compatible for Editor in 0.41 ms, found 0 plugins.
Preloading 0 native plugins for Editor in 0.00 ms.
Unloading 1148 Unused Serialized files (Serialized files now loaded: 0)
System memory in use before: 58.9 MB.
System memory in use after: 59.0 MB.

Unloading 4 unused Assets to reduce memory usage. Loaded Objects now: 1621.
Total: 17.360100 ms (FindLiveObjects: 14.374600 ms CreateObjectMapping: 0.129200 ms MarkObjects: 2.830100 ms  DeleteObjects: 0.024300 ms)

========================================================================
Received Import Request.
  Time since last request: 743.388821 seconds.
  path: Assets/MainMenu.cs
  artifactKey: Guid(f42ade03163dfc545919e50d80729b96) Importer(815301076,1909f56bfc062723c751e8b465ee728b)
Start importing Assets/MainMenu.cs using Guid(f42ade03163dfc545919e50d80729b96) Importer(815301076,1909f56bfc062723c751e8b465ee728b)  -> (artifact id: 'f1c195c4197a0807ab56afab3e88e900') in 0.130209 seconds
  Import took 0.134727 seconds .

========================================================================
Received Import Request.
  Time since last request: 6.959472 seconds.
  path: Assets/Menu.unity
  artifactKey: Guid(0d08ef19615cc044d843f47d8448d8e1) Importer(815301076,1909f56bfc062723c751e8b465ee728b)
Start importing Assets/Menu.unity using Guid(0d08ef19615cc044d843f47d8448d8e1) Importer(815301076,1909f56bfc062723c751e8b465ee728b)  -> (artifact id: '9e812383778a67111d78f06464cf7044') in 0.020794 seconds
  Import took 0.023956 seconds .

========================================================================
Received Import Request.
  Time since last request: 0.004592 seconds.
  path: Assets/Menu.unity
  artifactKey: Guid(0d08ef19615cc044d843f47d8448d8e1) Importer(815301076,1909f56bfc062723c751e8b465ee728b)
Start importing Assets/Menu.unity using Guid(0d08ef19615cc044d843f47d8448d8e1) Importer(815301076,1909f56bfc062723c751e8b465ee728b)  -> (artifact id: '9e812383778a67111d78f06464cf7044') in 0.005112 seconds
  Import took 0.009140 seconds .

========================================================================
Received Prepare
Registering precompiled user dll's ...
Registered in 0.000901 seconds.
Begin MonoManager ReloadAssembly
Native extension for WindowsStandalone target not found
Native extension for WebGL target not found
Refreshing native plugins compatible for Editor in 0.25 ms, found 0 plugins.
Preloading 0 native plugins for Editor in 0.00 ms.
Mono: successfully reloaded assembly
- Completed reload, in  1.356 seconds
Platform modules already initialized, skipping
Refreshing native plugins compatible for Editor in 0.42 ms, found 0 plugins.
Preloading 0 native plugins for Editor in 0.00 ms.
Unloading 1148 Unused Serialized files (Serialized files now loaded: 0)
System memory in use before: 58.9 MB.
System memory in use after: 59.0 MB.

Unloading 4 unused Assets to reduce memory usage. Loaded Objects now: 1624.
Total: 2.283700 ms (FindLiveObjects: 0.140400 ms CreateObjectMapping: 0.041000 ms MarkObjects: 2.070600 ms  DeleteObjects: 0.029900 ms)

========================================================================
Received Prepare
Registering precompiled user dll's ...
Registered in 0.001230 seconds.
Begin MonoManager ReloadAssembly
Native extension for WindowsStandalone target not found
Native extension for WebGL target not found
Refreshing native plugins compatible for Editor in 0.29 ms, found 0 plugins.
Preloading 0 native plugins for Editor in 0.00 ms.
Mono: successfully reloaded assembly
- Completed reload, in  1.388 seconds
Platform modules already initialized, skipping
Refreshing native plugins compatible for Editor in 0.79 ms, found 0 plugins.
Preloading 0 native plugins for Editor in 0.00 ms.
Unloading 1148 Unused Serialized files (Serialized files now loaded: 0)
System memory in use before: 58.9 MB.
System memory in use after: 59.0 MB.

Unloading 4 unused Assets to reduce memory usage. Loaded Objects now: 1627.
Total: 8.715300 ms (FindLiveObjects: 0.739300 ms CreateObjectMapping: 0.280500 ms MarkObjects: 7.553600 ms  DeleteObjects: 0.129700 ms)

========================================================================
Received Prepare
Registering precompiled user dll's ...
Registered in 0.000792 seconds.
Begin MonoManager ReloadAssembly
Native extension for WindowsStandalone target not found
Native extension for WebGL target not found
Refreshing native plugins compatible for Editor in 0.26 ms, found 0 plugins.
Preloading 0 native plugins for Editor in 0.00 ms.
Mono: successfully reloaded assembly
- Completed reload, in  1.143 seconds
Platform modules already initialized, skipping
Refreshing native plugins compatible for Editor in 0.40 ms, found 0 plugins.
Preloading 0 native plugins for Editor in 0.00 ms.
Unloading 1148 Unused Serialized files (Serialized files now loaded: 0)
System memory in use before: 58.9 MB.
System memory in use after: 59.0 MB.

Unloading 4 unused Assets to reduce memory usage. Loaded Objects now: 1630.
Total: 3.163800 ms (FindLiveObjects: 0.362000 ms CreateObjectMapping: 0.235100 ms MarkObjects: 2.542400 ms  DeleteObjects: 0.022300 ms)

========================================================================
Received Prepare
Registering precompiled user dll's ...
Registered in 0.000869 seconds.
Begin MonoManager ReloadAssembly
Native extension for WindowsStandalone target not found
Native extension for WebGL target not found
Refreshing native plugins compatible for Editor in 0.39 ms, found 0 plugins.
Preloading 0 native plugins for Editor in 0.00 ms.
Mono: successfully reloaded assembly
- Completed reload, in  1.165 seconds
Platform modules already initialized, skipping
Refreshing native plugins compatible for Editor in 0.49 ms, found 0 plugins.
Preloading 0 native plugins for Editor in 0.00 ms.
Unloading 1148 Unused Serialized files (Serialized files now loaded: 0)
System memory in use before: 58.9 MB.
System memory in use after: 59.0 MB.

Unloading 4 unused Assets to reduce memory usage. Loaded Objects now: 1633.
Total: 2.908900 ms (FindLiveObjects: 0.298400 ms CreateObjectMapping: 0.127500 ms MarkObjects: 2.452600 ms  DeleteObjects: 0.028100 ms)

========================================================================
Received Prepare
Registering precompiled user dll's ...
Registered in 0.001221 seconds.
Begin MonoManager ReloadAssembly
Native extension for WindowsStandalone target not found
Native extension for WebGL target not found
Refreshing native plugins compatible for Editor in 1.76 ms, found 0 plugins.
Preloading 0 native plugins for Editor in 0.00 ms.
Mono: successfully reloaded assembly
- Completed reload, in  2.568 seconds
Platform modules already initialized, skipping
Refreshing native plugins compatible for Editor in 0.76 ms, found 0 plugins.
Preloading 0 native plugins for Editor in 0.00 ms.
Unloading 1148 Unused Serialized files (Serialized files now loaded: 0)
System memory in use before: 58.9 MB.
System memory in use after: 59.0 MB.

Unloading 4 unused Assets to reduce memory usage. Loaded Objects now: 1636.
Total: 2.622100 ms (FindLiveObjects: 0.247100 ms CreateObjectMapping: 0.068100 ms MarkObjects: 2.278100 ms  DeleteObjects: 0.025700 ms)

========================================================================
Received Prepare
Registering precompiled user dll's ...
Registered in 0.000945 seconds.
Begin MonoManager ReloadAssembly
Native extension for WindowsStandalone target not found
Native extension for WebGL target not found
Refreshing native plugins compatible for Editor in 0.39 ms, found 0 plugins.
Preloading 0 native plugins for Editor in 0.00 ms.
Mono: successfully reloaded assembly
- Completed reload, in  1.372 seconds
Platform modules already initialized, skipping
Refreshing native plugins compatible for Editor in 0.39 ms, found 0 plugins.
Preloading 0 native plugins for Editor in 0.00 ms.
Unloading 1148 Unused Serialized files (Serialized files now loaded: 0)
System memory in use before: 58.9 MB.
System memory in use after: 59.0 MB.

Unloading 4 unused Assets to reduce memory usage. Loaded Objects now: 1639.
Total: 6.468400 ms (FindLiveObjects: 0.238400 ms CreateObjectMapping: 0.067600 ms MarkObjects: 6.132700 ms  DeleteObjects: 0.027000 ms)

========================================================================
Received Prepare
Registering precompiled user dll's ...
Registered in 0.000801 seconds.
Begin MonoManager ReloadAssembly
Native extension for WindowsStandalone target not found
Native extension for WebGL target not found
Refreshing native plugins compatible for Editor in 0.26 ms, found 0 plugins.
Preloading 0 native plugins for Editor in 0.00 ms.
Mono: successfully reloaded assembly
- Completed reload, in  1.237 seconds
Platform modules already initialized, skipping
Refreshing native plugins compatible for Editor in 0.38 ms, found 0 plugins.
Preloading 0 native plugins for Editor in 0.00 ms.
Unloading 1148 Unused Serialized files (Serialized files now loaded: 0)
System memory in use before: 58.9 MB.
System memory in use after: 59.0 MB.

Unloading 4 unused Assets to reduce memory usage. Loaded Objects now: 1642.
Total: 2.266800 ms (FindLiveObjects: 0.143700 ms CreateObjectMapping: 0.047300 ms MarkObjects: 2.055100 ms  DeleteObjects: 0.019100 ms)

========================================================================
Received Prepare
Registering precompiled user dll's ...
Registered in 0.000821 seconds.
Begin MonoManager ReloadAssembly
Native extension for WindowsStandalone target not found
Native extension for WebGL target not found
Refreshing native plugins compatible for Editor in 0.36 ms, found 0 plugins.
Preloading 0 native plugins for Editor in 0.00 ms.
Mono: successfully reloaded assembly
- Completed reload, in  1.200 seconds
Platform modules already initialized, skipping
Refreshing native plugins compatible for Editor in 0.48 ms, found 0 plugins.
Preloading 0 native plugins for Editor in 0.00 ms.
Unloading 1148 Unused Serialized files (Serialized files now loaded: 0)
System memory in use before: 58.9 MB.
System memory in use after: 59.1 MB.

Unloading 4 unused Assets to reduce memory usage. Loaded Objects now: 1645.
Total: 1.987700 ms (FindLiveObjects: 0.241400 ms CreateObjectMapping: 0.065900 ms MarkObjects: 1.656100 ms  DeleteObjects: 0.019400 ms)

========================================================================
Received Import Request.
  Time since last request: 1191.313969 seconds.
  path: Assets/MainMenu
  artifactKey: Guid(77d66b92d7c81694e94bd1897d7455da) Importer(815301076,1909f56bfc062723c751e8b465ee728b)
Start importing Assets/MainMenu using Guid(77d66b92d7c81694e94bd1897d7455da) Importer(815301076,1909f56bfc062723c751e8b465ee728b)  -> (artifact id: '1a54938ec01ea6c97d904be9ff48131b') in 0.009624 seconds
  Import took 0.018997 seconds .

========================================================================
Received Import Request.
  Time since last request: 1.458535 seconds.
  path: Assets/MainMenu.cs
  artifactKey: Guid(f42ade03163dfc545919e50d80729b96) Importer(815301076,1909f56bfc062723c751e8b465ee728b)
Start importing Assets/MainMenu.cs using Guid(f42ade03163dfc545919e50d80729b96) Importer(815301076,1909f56bfc062723c751e8b465ee728b)  -> (artifact id: '0091fdc80052a206c5cf6909e462db8c') in 0.008900 seconds
  Import took 0.012204 seconds .

========================================================================
Received Import Request.
  Time since last request: 0.000643 seconds.
  path: Assets/MainMenu.cs
  artifactKey: Guid(f42ade03163dfc545919e50d80729b96) Importer(815301076,1909f56bfc062723c751e8b465ee728b)
Start importing Assets/MainMenu.cs using Guid(f42ade03163dfc545919e50d80729b96) Importer(815301076,1909f56bfc062723c751e8b465ee728b)  -> (artifact id: '0091fdc80052a206c5cf6909e462db8c') in 0.003352 seconds
  Import took 0.008270 seconds .

========================================================================
Received Prepare
Registering precompiled user dll's ...
Registered in 0.002871 seconds.
Begin MonoManager ReloadAssembly
Native extension for WindowsStandalone target not found
Native extension for WebGL target not found
Refreshing native plugins compatible for Editor in 0.26 ms, found 0 plugins.
Preloading 0 native plugins for Editor in 0.00 ms.
Mono: successfully reloaded assembly
- Completed reload, in  1.434 seconds
Platform modules already initialized, skipping
Refreshing native plugins compatible for Editor in 0.42 ms, found 0 plugins.
Preloading 0 native plugins for Editor in 0.00 ms.
Unloading 1148 Unused Serialized files (Serialized files now loaded: 0)
System memory in use before: 59.0 MB.
System memory in use after: 59.1 MB.

Unloading 4 unused Assets to reduce memory usage. Loaded Objects now: 1648.
Total: 3.246800 ms (FindLiveObjects: 0.230000 ms CreateObjectMapping: 0.063100 ms MarkObjects: 2.929800 ms  DeleteObjects: 0.022100 ms)

========================================================================
Received Import Request.
  Time since last request: 6.257858 seconds.
  path: Assets/7d744a684fe03ebc7e8de545f97739dd.jpg
  artifactKey: Guid(e776b00d0dbdb5c4b80fc05af09045cf) Importer(815301076,1909f56bfc062723c751e8b465ee728b)
Start importing Assets/7d744a684fe03ebc7e8de545f97739dd.jpg using Guid(e776b00d0dbdb5c4b80fc05af09045cf) Importer(815301076,1909f56bfc062723c751e8b465ee728b)  -> (artifact id: 'c1895c949070b3b259219113aef8d81c') in 0.177604 seconds
  Import took 0.180605 seconds .

========================================================================
Received Import Request.
  Time since last request: 5.550755 seconds.
  path: Assets/Menu.unity
  artifactKey: Guid(0d08ef19615cc044d843f47d8448d8e1) Importer(815301076,1909f56bfc062723c751e8b465ee728b)
Start importing Assets/Menu.unity using Guid(0d08ef19615cc044d843f47d8448d8e1) Importer(815301076,1909f56bfc062723c751e8b465ee728b)  -> (artifact id: 'e7bdbcffb23ef040f0c5f0eadc152bba') in 0.011964 seconds
  Import took 0.015307 seconds .

========================================================================
Received Import Request.
  Time since last request: 2.801900 seconds.
  path: Assets/New TMP Color Gradient.asset
  artifactKey: Guid(f5ec120c7ef062d4c968c74d7811bee0) Importer(815301076,1909f56bfc062723c751e8b465ee728b)
Start importing Assets/New TMP Color Gradient.asset using Guid(f5ec120c7ef062d4c968c74d7811bee0) Importer(815301076,1909f56bfc062723c751e8b465ee728b)  -> (artifact id: 'd7eadb2a91ee25480eaeb88108413447') in 0.015268 seconds
  Import took 0.018624 seconds .

========================================================================
Received Import Request.
  Time since last request: 0.012258 seconds.
  path: Assets/New TMP Color Gradient.asset
  artifactKey: Guid(f5ec120c7ef062d4c968c74d7811bee0) Importer(815301076,1909f56bfc062723c751e8b465ee728b)
Start importing Assets/New TMP Color Gradient.asset using Guid(f5ec120c7ef062d4c968c74d7811bee0) Importer(815301076,1909f56bfc062723c751e8b465ee728b)  -> (artifact id: 'd7eadb2a91ee25480eaeb88108413447') in 0.005356 seconds
  Import took 0.014070 seconds .

========================================================================
Received Prepare
Registering precompiled user dll's ...
Registered in 0.002017 seconds.
Begin MonoManager ReloadAssembly
Native extension for WindowsStandalone target not found
Native extension for WebGL target not found
Refreshing native plugins compatible for Editor in 0.29 ms, found 0 plugins.
Preloading 0 native plugins for Editor in 0.00 ms.
Mono: successfully reloaded assembly
- Completed reload, in  1.955 seconds
Platform modules already initialized, skipping
Refreshing native plugins compatible for Editor in 0.39 ms, found 0 plugins.
Preloading 0 native plugins for Editor in 0.00 ms.
Unloading 1148 Unused Serialized files (Serialized files now loaded: 0)
System memory in use before: 62.0 MB.
System memory in use after: 62.1 MB.

Unloading 4 unused Assets to reduce memory usage. Loaded Objects now: 1657.
Total: 3.665800 ms (FindLiveObjects: 0.261200 ms CreateObjectMapping: 0.070500 ms MarkObjects: 3.297200 ms  DeleteObjects: 0.032600 ms)

AssetImportWorkerClient::OnTransportError - code=2 error=End of file
